[2022-11-15T10:40:58.801Z] Уровень ведения журнала: Info
[2022-11-15T10:40:58.802Z] [info] Проверка найденного git в:git
[2022-11-15T10:40:58.909Z] [info] Используется git 2.38.1 из git
[2022-11-15T10:40:58.980Z] > git rev-parse --show-toplevel [57ms]
[2022-11-15T10:40:58.980Z] fatal: not a git repository (or any parent up to mount point /)
Stopping at filesystem boundary (GIT_DISCOVERY_ACROSS_FILESYSTEM not set).
[2022-11-15T10:40:59.012Z] > git rev-parse --show-toplevel [7ms]
[2022-11-15T10:40:59.012Z] fatal: not a git repository (or any parent up to mount point /)
Stopping at filesystem boundary (GIT_DISCOVERY_ACROSS_FILESYSTEM not set).
[2022-11-15T10:40:59.030Z] > git rev-parse --show-toplevel [10ms]
[2022-11-15T10:40:59.030Z] fatal: not a git repository (or any parent up to mount point /)
Stopping at filesystem boundary (GIT_DISCOVERY_ACROSS_FILESYSTEM not set).
[2022-11-15T10:40:59.142Z] > git rev-parse --show-toplevel [100ms]
[2022-11-15T10:40:59.142Z] fatal: not a git repository (or any parent up to mount point /)
Stopping at filesystem boundary (GIT_DISCOVERY_ACROSS_FILESYSTEM not set).
[2022-11-15T11:14:07.661Z] > git rev-parse --show-toplevel [6ms]
[2022-11-15T11:14:07.661Z] fatal: not a git repository (or any parent up to mount point /)
Stopping at filesystem boundary (GIT_DISCOVERY_ACROSS_FILESYSTEM not set).
[2022-11-15T12:21:31.497Z] > git rev-parse --show-toplevel [2ms]
[2022-11-15T12:21:31.497Z] fatal: not a git repository (or any parent up to mount point /)
Stopping at filesystem boundary (GIT_DISCOVERY_ACROSS_FILESYSTEM not set).
[2022-11-15T12:21:46.070Z] > git rev-parse --show-toplevel [1ms]
[2022-11-15T12:21:46.070Z] fatal: not a git repository (or any parent up to mount point /)
Stopping at filesystem boundary (GIT_DISCOVERY_ACROSS_FILESYSTEM not set).
[2022-11-15T12:33:42.579Z] > git rev-parse --show-toplevel [3ms]
[2022-11-15T12:33:42.579Z] fatal: not a git repository (or any parent up to mount point /)
Stopping at filesystem boundary (GIT_DISCOVERY_ACROSS_FILESYSTEM not set).
[2022-11-15T13:13:07.657Z] > git rev-parse --show-toplevel [2ms]
[2022-11-15T13:13:07.657Z] fatal: not a git repository (or any parent up to mount point /)
Stopping at filesystem boundary (GIT_DISCOVERY_ACROSS_FILESYSTEM not set).
[2022-11-15T13:13:21.996Z] > git rev-parse --show-toplevel [2ms]
[2022-11-15T13:13:21.996Z] fatal: not a git repository (or any parent up to mount point /)
Stopping at filesystem boundary (GIT_DISCOVERY_ACROSS_FILESYSTEM not set).
[2022-11-15T13:20:06.603Z] > git rev-parse --show-toplevel [2ms]
[2022-11-15T13:20:06.603Z] fatal: not a git repository (or any parent up to mount point /)
Stopping at filesystem boundary (GIT_DISCOVERY_ACROSS_FILESYSTEM not set).
[2022-11-15T13:20:24.608Z] > git rev-parse --show-toplevel [3ms]
[2022-11-15T13:20:24.608Z] fatal: not a git repository (or any parent up to mount point /)
Stopping at filesystem boundary (GIT_DISCOVERY_ACROSS_FILESYSTEM not set).
[2022-11-15T13:20:31.032Z] > git rev-parse --show-toplevel [6ms]
[2022-11-15T13:20:31.032Z] fatal: not a git repository (or any parent up to mount point /)
Stopping at filesystem boundary (GIT_DISCOVERY_ACROSS_FILESYSTEM not set).
[2022-11-15T13:20:36.751Z] > git rev-parse --show-toplevel [4ms]
[2022-11-15T13:20:36.751Z] fatal: not a git repository (or any parent up to mount point /)
Stopping at filesystem boundary (GIT_DISCOVERY_ACROSS_FILESYSTEM not set).
[2022-11-15T13:20:47.632Z] > git rev-parse --show-toplevel [2ms]
[2022-11-15T13:20:47.632Z] fatal: not a git repository (or any parent up to mount point /)
Stopping at filesystem boundary (GIT_DISCOVERY_ACROSS_FILESYSTEM not set).
[2022-11-15T13:20:54.310Z] > git rev-parse --show-toplevel [2ms]
[2022-11-15T13:20:54.310Z] fatal: not a git repository (or any parent up to mount point /)
Stopping at filesystem boundary (GIT_DISCOVERY_ACROSS_FILESYSTEM not set).
[2022-11-15T13:20:57.154Z] > git rev-parse --show-toplevel [1ms]
[2022-11-15T13:20:57.154Z] fatal: not a git repository (or any parent up to mount point /)
Stopping at filesystem boundary (GIT_DISCOVERY_ACROSS_FILESYSTEM not set).
[2022-11-15T13:20:58.289Z] > git rev-parse --show-toplevel [1ms]
[2022-11-15T13:20:58.289Z] fatal: not a git repository (or any parent up to mount point /)
Stopping at filesystem boundary (GIT_DISCOVERY_ACROSS_FILESYSTEM not set).
[2022-11-15T13:21:03.558Z] > git rev-parse --show-toplevel [4ms]
[2022-11-15T13:21:03.558Z] fatal: not a git repository (or any parent up to mount point /)
Stopping at filesystem boundary (GIT_DISCOVERY_ACROSS_FILESYSTEM not set).
[2022-11-15T13:21:03.998Z] > git rev-parse --show-toplevel [2ms]
[2022-11-15T13:21:03.998Z] fatal: not a git repository (or any parent up to mount point /)
Stopping at filesystem boundary (GIT_DISCOVERY_ACROSS_FILESYSTEM not set).
[2022-11-15T13:21:04.850Z] > git rev-parse --show-toplevel [11ms]
[2022-11-15T13:21:04.850Z] fatal: not a git repository (or any parent up to mount point /)
Stopping at filesystem boundary (GIT_DISCOVERY_ACROSS_FILESYSTEM not set).
[2022-11-15T13:21:05.322Z] > git rev-parse --show-toplevel [4ms]
[2022-11-15T13:21:05.322Z] fatal: not a git repository (or any parent up to mount point /)
Stopping at filesystem boundary (GIT_DISCOVERY_ACROSS_FILESYSTEM not set).
[2022-11-15T13:21:12.399Z] > git rev-parse --show-toplevel [6ms]
[2022-11-15T13:21:12.399Z] fatal: not a git repository (or any parent up to mount point /)
Stopping at filesystem boundary (GIT_DISCOVERY_ACROSS_FILESYSTEM not set).
[2022-11-15T13:29:36.963Z] > git rev-parse --show-toplevel [3ms]
[2022-11-15T13:29:36.963Z] fatal: not a git repository (or any parent up to mount point /)
Stopping at filesystem boundary (GIT_DISCOVERY_ACROSS_FILESYSTEM not set).
[2022-11-15T13:41:37.274Z] > git rev-parse --show-toplevel [6ms]
[2022-11-15T13:41:37.274Z] fatal: not a git repository (or any parent up to mount point /)
Stopping at filesystem boundary (GIT_DISCOVERY_ACROSS_FILESYSTEM not set).
[2022-11-15T13:42:54.177Z] > git rev-parse --show-toplevel [1ms]
[2022-11-15T13:42:54.177Z] fatal: not a git repository (or any parent up to mount point /)
Stopping at filesystem boundary (GIT_DISCOVERY_ACROSS_FILESYSTEM not set).
[2022-11-15T13:42:55.964Z] > git rev-parse --show-toplevel [2ms]
[2022-11-15T13:42:55.964Z] fatal: not a git repository (or any parent up to mount point /)
Stopping at filesystem boundary (GIT_DISCOVERY_ACROSS_FILESYSTEM not set).
[2022-11-15T13:44:01.292Z] > git rev-parse --show-toplevel [9ms]
[2022-11-15T13:44:01.292Z] fatal: not a git repository (or any parent up to mount point /)
Stopping at filesystem boundary (GIT_DISCOVERY_ACROSS_FILESYSTEM not set).
[2022-11-15T13:44:10.743Z] > git rev-parse --show-toplevel [2ms]
[2022-11-15T13:44:10.743Z] fatal: not a git repository (or any parent up to mount point /)
Stopping at filesystem boundary (GIT_DISCOVERY_ACROSS_FILESYSTEM not set).
[2022-11-15T13:44:16.196Z] > git rev-parse --show-toplevel [12ms]
[2022-11-15T13:44:16.196Z] fatal: not a git repository (or any parent up to mount point /)
Stopping at filesystem boundary (GIT_DISCOVERY_ACROSS_FILESYSTEM not set).
[2022-11-15T13:44:35.131Z] > git rev-parse --show-toplevel [3ms]
[2022-11-15T13:44:35.131Z] fatal: not a git repository (or any parent up to mount point /)
Stopping at filesystem boundary (GIT_DISCOVERY_ACROSS_FILESYSTEM not set).
[2022-11-15T13:49:49.104Z] > git rev-parse --show-toplevel [3ms]
[2022-11-15T13:49:49.104Z] fatal: not a git repository (or any parent up to mount point /)
Stopping at filesystem boundary (GIT_DISCOVERY_ACROSS_FILESYSTEM not set).
[2022-11-15T13:49:50.085Z] > git rev-parse --show-toplevel [1ms]
[2022-11-15T13:49:50.085Z] fatal: not a git repository (or any parent up to mount point /)
Stopping at filesystem boundary (GIT_DISCOVERY_ACROSS_FILESYSTEM not set).
[2022-11-15T13:49:51.104Z] > git rev-parse --show-toplevel [8ms]
[2022-11-15T13:49:51.104Z] fatal: not a git repository (or any parent up to mount point /)
Stopping at filesystem boundary (GIT_DISCOVERY_ACROSS_FILESYSTEM not set).
[2022-11-15T13:49:52.535Z] > git rev-parse --show-toplevel [1ms]
[2022-11-15T13:49:52.535Z] fatal: not a git repository (or any parent up to mount point /)
Stopping at filesystem boundary (GIT_DISCOVERY_ACROSS_FILESYSTEM not set).
[2022-11-15T13:51:19.493Z] > git rev-parse --show-toplevel [2ms]
[2022-11-15T13:51:19.494Z] fatal: not a git repository (or any parent up to mount point /)
Stopping at filesystem boundary (GIT_DISCOVERY_ACROSS_FILESYSTEM not set).
[2022-11-15T13:51:23.588Z] > git rev-parse --show-toplevel [1ms]
[2022-11-15T13:51:23.588Z] fatal: not a git repository (or any parent up to mount point /)
Stopping at filesystem boundary (GIT_DISCOVERY_ACROSS_FILESYSTEM not set).
[2022-11-15T13:51:28.616Z] > git rev-parse --show-toplevel [1ms]
[2022-11-15T13:51:28.616Z] fatal: not a git repository (or any parent up to mount point /)
Stopping at filesystem boundary (GIT_DISCOVERY_ACROSS_FILESYSTEM not set).
[2022-11-15T13:54:37.421Z] > git rev-parse --show-toplevel [1ms]
[2022-11-15T13:54:37.421Z] fatal: not a git repository (or any parent up to mount point /)
Stopping at filesystem boundary (GIT_DISCOVERY_ACROSS_FILESYSTEM not set).
[2022-11-15T13:54:38.968Z] > git rev-parse --show-toplevel [2ms]
[2022-11-15T13:54:38.968Z] fatal: not a git repository (or any parent up to mount point /)
Stopping at filesystem boundary (GIT_DISCOVERY_ACROSS_FILESYSTEM not set).
[2022-11-15T13:54:43.692Z] > git rev-parse --show-toplevel [1ms]
[2022-11-15T13:54:43.692Z] fatal: not a git repository (or any parent up to mount point /)
Stopping at filesystem boundary (GIT_DISCOVERY_ACROSS_FILESYSTEM not set).
[2022-11-15T13:54:44.690Z] > git rev-parse --show-toplevel [3ms]
[2022-11-15T13:54:44.690Z] fatal: not a git repository (or any parent up to mount point /)
Stopping at filesystem boundary (GIT_DISCOVERY_ACROSS_FILESYSTEM not set).
[2022-11-15T13:54:45.686Z] > git rev-parse --show-toplevel [2ms]
[2022-11-15T13:54:45.686Z] fatal: not a git repository (or any parent up to mount point /)
Stopping at filesystem boundary (GIT_DISCOVERY_ACROSS_FILESYSTEM not set).
[2022-11-15T13:54:46.093Z] > git rev-parse --show-toplevel [4ms]
[2022-11-15T13:54:46.093Z] fatal: not a git repository (or any parent up to mount point /)
Stopping at filesystem boundary (GIT_DISCOVERY_ACROSS_FILESYSTEM not set).
[2022-11-15T13:54:47.463Z] > git rev-parse --show-toplevel [1ms]
[2022-11-15T13:54:47.463Z] fatal: not a git repository (or any parent up to mount point /)
Stopping at filesystem boundary (GIT_DISCOVERY_ACROSS_FILESYSTEM not set).
[2022-11-15T13:54:49.084Z] > git rev-parse --show-toplevel [2ms]
[2022-11-15T13:54:49.084Z] fatal: not a git repository (or any parent up to mount point /)
Stopping at filesystem boundary (GIT_DISCOVERY_ACROSS_FILESYSTEM not set).
[2022-11-15T13:55:39.168Z] > git rev-parse --show-toplevel [4ms]
[2022-11-15T13:55:39.168Z] fatal: not a git repository (or any parent up to mount point /)
Stopping at filesystem boundary (GIT_DISCOVERY_ACROSS_FILESYSTEM not set).
[2022-11-15T13:55:39.699Z] > git rev-parse --show-toplevel [1ms]
[2022-11-15T13:55:39.699Z] fatal: not a git repository (or any parent up to mount point /)
Stopping at filesystem boundary (GIT_DISCOVERY_ACROSS_FILESYSTEM not set).
[2022-11-15T13:55:40.319Z] > git rev-parse --show-toplevel [1ms]
[2022-11-15T13:55:40.319Z] fatal: not a git repository (or any parent up to mount point /)
Stopping at filesystem boundary (GIT_DISCOVERY_ACROSS_FILESYSTEM not set).
[2022-11-15T13:55:51.156Z] > git rev-parse --show-toplevel [4ms]
[2022-11-15T13:55:51.156Z] fatal: not a git repository (or any parent up to mount point /)
Stopping at filesystem boundary (GIT_DISCOVERY_ACROSS_FILESYSTEM not set).
[2022-11-15T13:55:51.639Z] > git rev-parse --show-toplevel [1ms]
[2022-11-15T13:55:51.639Z] fatal: not a git repository (or any parent up to mount point /)
Stopping at filesystem boundary (GIT_DISCOVERY_ACROSS_FILESYSTEM not set).
[2022-11-15T13:55:54.027Z] > git rev-parse --show-toplevel [1ms]
[2022-11-15T13:55:54.027Z] fatal: not a git repository (or any parent up to mount point /)
Stopping at filesystem boundary (GIT_DISCOVERY_ACROSS_FILESYSTEM not set).
[2022-11-15T13:59:01.731Z] > git rev-parse --show-toplevel [4ms]
[2022-11-15T13:59:01.731Z] fatal: not a git repository (or any parent up to mount point /)
Stopping at filesystem boundary (GIT_DISCOVERY_ACROSS_FILESYSTEM not set).
[2022-11-15T13:59:39.569Z] > git rev-parse --show-toplevel [2ms]
[2022-11-15T13:59:39.569Z] fatal: not a git repository (or any parent up to mount point /)
Stopping at filesystem boundary (GIT_DISCOVERY_ACROSS_FILESYSTEM not set).
[2022-11-15T14:01:33.681Z] > git rev-parse --show-toplevel [1ms]
[2022-11-15T14:01:33.681Z] fatal: not a git repository (or any parent up to mount point /)
Stopping at filesystem boundary (GIT_DISCOVERY_ACROSS_FILESYSTEM not set).
[2022-11-15T14:01:41.337Z] > git rev-parse --show-toplevel [4ms]
[2022-11-15T14:01:41.337Z] fatal: not a git repository (or any parent up to mount point /)
Stopping at filesystem boundary (GIT_DISCOVERY_ACROSS_FILESYSTEM not set).
[2022-11-15T14:01:44.222Z] > git rev-parse --show-toplevel [1ms]
[2022-11-15T14:01:44.222Z] fatal: not a git repository (or any parent up to mount point /)
Stopping at filesystem boundary (GIT_DISCOVERY_ACROSS_FILESYSTEM not set).
[2022-11-15T14:01:45.686Z] > git rev-parse --show-toplevel [2ms]
[2022-11-15T14:01:45.686Z] fatal: not a git repository (or any parent up to mount point /)
Stopping at filesystem boundary (GIT_DISCOVERY_ACROSS_FILESYSTEM not set).
[2022-11-15T14:01:47.994Z] > git rev-parse --show-toplevel [3ms]
[2022-11-15T14:01:47.994Z] fatal: not a git repository (or any parent up to mount point /)
Stopping at filesystem boundary (GIT_DISCOVERY_ACROSS_FILESYSTEM not set).
[2022-11-15T14:01:49.029Z] > git rev-parse --show-toplevel [1ms]
[2022-11-15T14:01:49.029Z] fatal: not a git repository (or any parent up to mount point /)
Stopping at filesystem boundary (GIT_DISCOVERY_ACROSS_FILESYSTEM not set).
[2022-11-15T14:02:00.414Z] > git rev-parse --show-toplevel [3ms]
[2022-11-15T14:02:00.414Z] fatal: not a git repository (or any parent up to mount point /)
Stopping at filesystem boundary (GIT_DISCOVERY_ACROSS_FILESYSTEM not set).
[2022-11-15T14:15:49.314Z] > git rev-parse --show-toplevel [2ms]
[2022-11-15T14:15:49.314Z] fatal: not a git repository (or any parent up to mount point /)
Stopping at filesystem boundary (GIT_DISCOVERY_ACROSS_FILESYSTEM not set).
