[2022-11-15T09:59:33.439Z] Уровень ведения журнала: Info
[2022-11-15T09:59:33.440Z] [info] Проверка найденного git в:git
[2022-11-15T09:59:33.731Z] [info] Используется git 2.38.1 из git
[2022-11-15T09:59:33.776Z] > git rev-parse --show-toplevel [32ms]
[2022-11-15T09:59:33.776Z] fatal: not a git repository (or any parent up to mount point /)
Stopping at filesystem boundary (GIT_DISCOVERY_ACROSS_FILESYSTEM not set).
[2022-11-15T09:59:33.818Z] > git rev-parse --show-toplevel [33ms]
[2022-11-15T09:59:33.818Z] fatal: not a git repository (or any parent up to mount point /)
Stopping at filesystem boundary (GIT_DISCOVERY_ACROSS_FILESYSTEM not set).
[2022-11-15T09:59:33.834Z] > git rev-parse --show-toplevel [8ms]
[2022-11-15T09:59:33.834Z] fatal: not a git repository (or any parent up to mount point /)
Stopping at filesystem boundary (GIT_DISCOVERY_ACROSS_FILESYSTEM not set).
[2022-11-15T09:59:33.841Z] > git rev-parse --show-toplevel [1ms]
[2022-11-15T09:59:33.841Z] fatal: not a git repository (or any parent up to mount point /)
Stopping at filesystem boundary (GIT_DISCOVERY_ACROSS_FILESYSTEM not set).
[2022-11-15T10:25:53.131Z] > git rev-parse --show-toplevel [2ms]
[2022-11-15T10:25:53.131Z] fatal: not a git repository (or any parent up to mount point /)
Stopping at filesystem boundary (GIT_DISCOVERY_ACROSS_FILESYSTEM not set).
[2022-11-15T10:25:59.273Z] > git rev-parse --show-toplevel [5ms]
[2022-11-15T10:25:59.273Z] fatal: not a git repository (or any parent up to mount point /)
Stopping at filesystem boundary (GIT_DISCOVERY_ACROSS_FILESYSTEM not set).
[2022-11-15T10:26:09.276Z] > git rev-parse --show-toplevel [3ms]
[2022-11-15T10:26:09.276Z] fatal: not a git repository (or any parent up to mount point /)
Stopping at filesystem boundary (GIT_DISCOVERY_ACROSS_FILESYSTEM not set).
[2022-11-15T10:26:13.279Z] > git rev-parse --show-toplevel [3ms]
[2022-11-15T10:26:13.279Z] fatal: not a git repository (or any parent up to mount point /)
Stopping at filesystem boundary (GIT_DISCOVERY_ACROSS_FILESYSTEM not set).
[2022-11-15T10:26:14.053Z] > git rev-parse --show-toplevel [19ms]
[2022-11-15T10:26:14.053Z] fatal: not a git repository (or any parent up to mount point /)
Stopping at filesystem boundary (GIT_DISCOVERY_ACROSS_FILESYSTEM not set).
[2022-11-15T10:26:18.611Z] > git rev-parse --show-toplevel [29ms]
[2022-11-15T10:26:18.611Z] fatal: not a git repository (or any parent up to mount point /)
Stopping at filesystem boundary (GIT_DISCOVERY_ACROSS_FILESYSTEM not set).
[2022-11-15T10:26:24.625Z] > git rev-parse --show-toplevel [6ms]
[2022-11-15T10:26:24.625Z] fatal: not a git repository (or any parent up to mount point /)
Stopping at filesystem boundary (GIT_DISCOVERY_ACROSS_FILESYSTEM not set).
[2022-11-15T10:26:24.967Z] > git rev-parse --show-toplevel [2ms]
[2022-11-15T10:26:24.967Z] fatal: not a git repository (or any parent up to mount point /)
Stopping at filesystem boundary (GIT_DISCOVERY_ACROSS_FILESYSTEM not set).
[2022-11-15T10:26:25.775Z] > git rev-parse --show-toplevel [4ms]
[2022-11-15T10:26:25.775Z] fatal: not a git repository (or any parent up to mount point /)
Stopping at filesystem boundary (GIT_DISCOVERY_ACROSS_FILESYSTEM not set).
[2022-11-15T10:26:26.588Z] > git rev-parse --show-toplevel [11ms]
[2022-11-15T10:26:26.588Z] fatal: not a git repository (or any parent up to mount point /)
Stopping at filesystem boundary (GIT_DISCOVERY_ACROSS_FILESYSTEM not set).
[2022-11-15T10:26:35.778Z] > git rev-parse --show-toplevel [4ms]
[2022-11-15T10:26:35.778Z] fatal: not a git repository (or any parent up to mount point /)
Stopping at filesystem boundary (GIT_DISCOVERY_ACROSS_FILESYSTEM not set).
[2022-11-15T10:26:38.376Z] > git rev-parse --show-toplevel [3ms]
[2022-11-15T10:26:38.376Z] fatal: not a git repository (or any parent up to mount point /)
Stopping at filesystem boundary (GIT_DISCOVERY_ACROSS_FILESYSTEM not set).
[2022-11-15T10:26:38.978Z] > git rev-parse --show-toplevel [2ms]
[2022-11-15T10:26:38.978Z] fatal: not a git repository (or any parent up to mount point /)
Stopping at filesystem boundary (GIT_DISCOVERY_ACROSS_FILESYSTEM not set).
[2022-11-15T10:26:40.830Z] > git rev-parse --show-toplevel [4ms]
[2022-11-15T10:26:40.830Z] fatal: not a git repository (or any parent up to mount point /)
Stopping at filesystem boundary (GIT_DISCOVERY_ACROSS_FILESYSTEM not set).
[2022-11-15T10:26:41.298Z] > git rev-parse --show-toplevel [1ms]
[2022-11-15T10:26:41.298Z] fatal: not a git repository (or any parent up to mount point /)
Stopping at filesystem boundary (GIT_DISCOVERY_ACROSS_FILESYSTEM not set).
[2022-11-15T10:26:42.037Z] > git rev-parse --show-toplevel [21ms]
[2022-11-15T10:26:42.037Z] fatal: not a git repository (or any parent up to mount point /)
Stopping at filesystem boundary (GIT_DISCOVERY_ACROSS_FILESYSTEM not set).
[2022-11-15T10:26:55.694Z] > git rev-parse --show-toplevel [3ms]
[2022-11-15T10:26:55.694Z] fatal: not a git repository (or any parent up to mount point /)
Stopping at filesystem boundary (GIT_DISCOVERY_ACROSS_FILESYSTEM not set).
[2022-11-15T10:27:04.340Z] > git rev-parse --show-toplevel [2ms]
[2022-11-15T10:27:04.340Z] fatal: not a git repository (or any parent up to mount point /)
Stopping at filesystem boundary (GIT_DISCOVERY_ACROSS_FILESYSTEM not set).
[2022-11-15T10:27:49.808Z] > git rev-parse --show-toplevel [2ms]
[2022-11-15T10:27:49.808Z] fatal: not a git repository (or any parent up to mount point /)
Stopping at filesystem boundary (GIT_DISCOVERY_ACROSS_FILESYSTEM not set).
