[2022-11-15 12:59:11.436] [exthost] [info] Extension host with pid 2628 started
[2022-11-15 12:59:11.436] [exthost] [info] Skipping acquiring lock for /home/kirill/.config/VSCodium/User/workspaceStorage/efd6a67e16298fe934fd73c57a42fcb0.
[2022-11-15 12:59:11.729] [exthost] [info] ExtensionService#_doActivateExtension ms-python.python, startup: false, activationEvent: 'onLanguage:python'
[2022-11-15 12:59:11.729] [exthost] [info] ExtensionService#_doActivateExtension ms-toolsai.jupyter, startup: false, activationEvent: 'onLanguage:python'
[2022-11-15 12:59:11.729] [exthost] [info] ExtensionService#_doActivateExtension vscode.debug-auto-launch, startup: true, activationEvent: '*'
[2022-11-15 12:59:11.729] [exthost] [info] ExtensionService#_doActivateExtension vscode.git-base, startup: true, activationEvent: '*', root cause: vscode.git
[2022-11-15 12:59:11.730] [exthost] [info] ExtensionService#_doActivateExtension vscode.ipynb, startup: true, activationEvent: '*'
[2022-11-15 12:59:11.730] [exthost] [info] ExtensionService#_doActivateExtension CoenraadS.bracket-pair-colorizer, startup: true, activationEvent: '*'
[2022-11-15 12:59:11.730] [exthost] [info] ExtensionService#_doActivateExtension oderwat.indent-rainbow, startup: true, activationEvent: '*'
[2022-11-15 12:59:11.730] [exthost] [info] ExtensionService#_doActivateExtension Shan.code-settings-sync, startup: true, activationEvent: '*'
[2022-11-15 12:59:21.331] [exthost] [info] Not activating extension 'franneck94.c-cpp-runner': Timed out while searching for 'workspaceContains' pattern *.h,*.c,*.hh,*.cc,*.hxx,*.cxx,*.hpp,*.cpp
[2022-11-15 12:59:21.331] [exthost] [info] Not activating extension 'redhat.java': Timed out while searching for 'workspaceContains' pattern */pom.xml,*/build.gradle,*/settings.gradle,*/build.gradle.kts,*/settings.gradle.kts,*/.classpath
[2022-11-15 12:59:21.331] [exthost] [info] Not activating extension 'vscjava.vscode-java-dependency': Timed out while searching for 'workspaceContains' pattern */pom.xml,*/build.gradle,*/settings.gradle,*/build.gradle.kts,*/settings.gradle.kts,*/.classpath
[2022-11-15 12:59:21.331] [exthost] [info] Not activating extension 'vscjava.vscode-java-pack': Timed out while searching for 'workspaceContains' pattern */pom.xml,*/build.gradle,*/settings.gradle,*/build.gradle.kts,*/settings.gradle.kts,*/.classpath
[2022-11-15 12:59:21.331] [exthost] [info] Not activating extension 'vscjava.vscode-java-test': Timed out while searching for 'workspaceContains' pattern */pom.xml,*/build.gradle,*/settings.gradle,*/build.gradle.kts,*/settings.gradle.kts,*/.classpath
[2022-11-15 12:59:21.331] [exthost] [info] Not activating extension 'vscjava.vscode-maven': Timed out while searching for 'workspaceContains' pattern **/pom.xml
[2022-11-15 12:59:25.638] [exthost] [info] ExtensionService#_doActivateExtension ms-toolsai.jupyter-renderers, startup: false, activationEvent: 'api', root cause: ms-toolsai.jupyter
[2022-11-15 12:59:25.638] [exthost] [info] ExtensionService#_doActivateExtension vscode.git, startup: true, activationEvent: '*'
[2022-11-15 12:59:25.638] [exthost] [info] ExtensionService#_doActivateExtension vscode.github, startup: true, activationEvent: '*'
[2022-11-15 12:59:25.639] [exthost] [info] ExtensionService#_doActivateExtension vscode.emmet, startup: false, activationEvent: 'onStartupFinished'
[2022-11-15 12:59:25.639] [exthost] [info] ExtensionService#_doActivateExtension vscode.merge-conflict, startup: false, activationEvent: 'onStartupFinished'
[2022-11-15 12:59:25.639] [exthost] [info] ExtensionService#_doActivateExtension aaron-bond.better-comments, startup: false, activationEvent: 'onStartupFinished'
[2022-11-15 12:59:25.639] [exthost] [info] ExtensionService#_doActivateExtension zhuangtongfa.material-theme, startup: false, activationEvent: 'onStartupFinished'
[2022-11-15 12:59:33.745] [exthost] [info] Eager extensions activated
[2022-11-15 13:01:12.395] [exthost] [info] ExtensionService#_doActivateExtension vscode.debug-server-ready, startup: false, activationEvent: 'onDebugResolve'
[2022-11-15 13:04:45.048] [exthost] [error] [ms-python.python] provider FAILED
[2022-11-15 13:04:45.048] [exthost] [error] Error: ValueError: `column` parameter (4) is not in a valid range (0-3) for line 107 ('gth\n').
	at /home/kirill/.vscode-oss/extensions/ms-python.python-2022.16.1-universal/out/client/extension.js:2:2170901
	at /home/kirill/.vscode-oss/extensions/ms-python.python-2022.16.1-universal/out/client/extension.js:2:2171195
	at Immediate.<anonymous> (/home/kirill/.vscode-oss/extensions/ms-python.python-2022.16.1-universal/out/client/extension.js:2:2171557)
	at process.processImmediate (node:internal/timers:466:21)
[2022-11-15 13:40:52.100] [exthost] [info] Extension host terminating: received terminate message from renderer
[2022-11-15 13:40:52.131] [exthost] [info] Extension host with pid 2628 exiting with code 0
