[2022-11-14 19:16:01.068] [exthost] [info] Extension host with pid 7556 started
[2022-11-14 19:16:01.069] [exthost] [info] Skipping acquiring lock for /home/kirill/.config/VSCodium/User/workspaceStorage/efd6a67e16298fe934fd73c57a42fcb0.
[2022-11-14 19:16:01.276] [exthost] [info] ExtensionService#_doActivateExtension ms-python.python, startup: false, activationEvent: 'onLanguage:python'
[2022-11-14 19:16:01.276] [exthost] [info] ExtensionService#_doActivateExtension ms-toolsai.jupyter, startup: false, activationEvent: 'onLanguage:python'
[2022-11-14 19:16:01.277] [exthost] [info] ExtensionService#_doActivateExtension vscode.debug-auto-launch, startup: true, activationEvent: '*'
[2022-11-14 19:16:01.277] [exthost] [info] ExtensionService#_doActivateExtension vscode.git-base, startup: true, activationEvent: '*', root cause: vscode.git
[2022-11-14 19:16:01.277] [exthost] [info] ExtensionService#_doActivateExtension vscode.ipynb, startup: true, activationEvent: '*'
[2022-11-14 19:16:01.277] [exthost] [info] ExtensionService#_doActivateExtension CoenraadS.bracket-pair-colorizer, startup: true, activationEvent: '*'
[2022-11-14 19:16:01.277] [exthost] [info] ExtensionService#_doActivateExtension oderwat.indent-rainbow, startup: true, activationEvent: '*'
[2022-11-14 19:16:01.282] [exthost] [info] ExtensionService#_doActivateExtension Shan.code-settings-sync, startup: true, activationEvent: '*'
[2022-11-14 19:16:02.545] [exthost] [info] ExtensionService#_doActivateExtension ms-toolsai.jupyter-renderers, startup: false, activationEvent: 'api', root cause: ms-toolsai.jupyter
[2022-11-14 19:16:02.545] [exthost] [info] ExtensionService#_doActivateExtension vscode.git, startup: true, activationEvent: '*'
[2022-11-14 19:16:02.546] [exthost] [info] ExtensionService#_doActivateExtension vscode.github, startup: true, activationEvent: '*'
[2022-11-14 19:16:02.751] [exthost] [info] ExtensionService#_doActivateExtension vscode.debug-server-ready, startup: false, activationEvent: 'onDebugResolve'
[2022-11-14 19:16:02.799] [exthost] [info] Eager extensions activated
[2022-11-14 19:16:02.919] [exthost] [info] ExtensionService#_doActivateExtension vscode.emmet, startup: false, activationEvent: 'onStartupFinished'
[2022-11-14 19:16:02.919] [exthost] [info] ExtensionService#_doActivateExtension vscode.merge-conflict, startup: false, activationEvent: 'onStartupFinished'
[2022-11-14 19:16:02.919] [exthost] [info] ExtensionService#_doActivateExtension aaron-bond.better-comments, startup: false, activationEvent: 'onStartupFinished'
[2022-11-14 19:16:02.919] [exthost] [info] ExtensionService#_doActivateExtension zhuangtongfa.material-theme, startup: false, activationEvent: 'onStartupFinished'
[2022-11-14 22:41:21.652] [exthost] [info] ExtensionService#_doActivateExtension vscode.configuration-editing, startup: false, activationEvent: 'onLanguage:jsonc'
[2022-11-14 22:41:21.652] [exthost] [info] ExtensionService#_doActivateExtension vscode.json-language-features, startup: false, activationEvent: 'onLanguage:jsonc'
[2022-11-14 22:41:21.652] [exthost] [info] ExtensionService#_doActivateExtension vscode.typescript-language-features, startup: false, activationEvent: 'onLanguage:jsonc'
[2022-11-14 22:48:00.139] [exthost] [info] ExtensionService#_doActivateExtension vscode.grunt, startup: false, activationEvent: 'onTaskType:grunt'
[2022-11-14 22:48:00.140] [exthost] [info] ExtensionService#_doActivateExtension vscode.gulp, startup: false, activationEvent: 'onTaskType:gulp'
[2022-11-14 22:48:00.140] [exthost] [info] ExtensionService#_doActivateExtension vscode.jake, startup: false, activationEvent: 'onTaskType:jake'
[2022-11-14 22:48:00.140] [exthost] [info] ExtensionService#_doActivateExtension vscode.npm, startup: false, activationEvent: 'onTaskType:npm'
[2022-11-14 23:21:11.030] [exthost] [error] [ms-python.python] provider FAILED
[2022-11-14 23:21:11.030] [exthost] [error] Error: ValueError: `column` parameter (1) is not in a valid range (0-0) for line 59 ('\n').
	at /home/kirill/.vscode-oss/extensions/ms-python.python-2022.16.1-universal/out/client/extension.js:2:2170901
	at /home/kirill/.vscode-oss/extensions/ms-python.python-2022.16.1-universal/out/client/extension.js:2:2171195
	at Immediate.<anonymous> (/home/kirill/.vscode-oss/extensions/ms-python.python-2022.16.1-universal/out/client/extension.js:2:2171557)
	at process.processImmediate (node:internal/timers:466:21)
