2022-11-15 18:30:20.611 [info] Starting worker process with pid 47271 (type: fileWatcher, window: 1).
2022-11-15 18:30:25.237 [warning] No ptyHost heartbeat after 6 seconds
2022-11-15 18:30:25.334 [info] Getting Manifest... ms-ceintl.vscode-language-pack-ru
2022-11-15 18:30:25.336 [info] Getting Manifest... ms-toolsai.jupyter-renderers
2022-11-15 18:30:29.309 [info] Installing extension: ms-ceintl.vscode-language-pack-ru
2022-11-15 18:30:29.538 [info] Installing extension: ms-toolsai.jupyter-renderers
2022-11-15 18:30:34.437 [info] Extracted extension to /home/kirill/.vscode-oss/extensions/.54043f08-6d17-4576-83d4-241ededc4112: ms-ceintl.vscode-language-pack-ru
2022-11-15 18:30:34.487 [info] Renamed to /home/kirill/.vscode-oss/extensions/ms-ceintl.vscode-language-pack-ru-1.73.0-universal
2022-11-15 18:30:34.491 [info] Extracting completed. ms-ceintl.vscode-language-pack-ru
2022-11-15 18:30:34.517 [info] Adding language packs from the extension ms-ceintl.vscode-language-pack-ru
2022-11-15 18:30:35.170 [info] Extension installed successfully: ms-ceintl.vscode-language-pack-ru
2022-11-15 18:30:59.337 [error] [uncaught exception in sharedProcess]: Произошла системная ошибка (ENOENT: no such file or directory, scandir '/home/kirill/.config/VSCodium/clp/f4e4b18b6da03b7249763514fc9c4a61.ru'): Error: ENOENT: no such file or directory, scandir '/home/kirill/.config/VSCodium/clp/f4e4b18b6da03b7249763514fc9c4a61.ru'
2022-11-15 18:31:13.879 [info] Extracted extension to /home/kirill/.vscode-oss/extensions/.f8194322-4000-4c62-b859-56d5d300ae53: ms-toolsai.jupyter-renderers
2022-11-15 18:31:13.921 [info] Renamed to /home/kirill/.vscode-oss/extensions/ms-toolsai.jupyter-renderers-1.0.11-universal
2022-11-15 18:31:13.930 [info] Extracting completed. ms-toolsai.jupyter-renderers
2022-11-15 18:31:13.957 [info] Extension installed successfully: ms-toolsai.jupyter-renderers
2022-11-15 18:32:39.390 [info] Uninstalling extension: ms-toolsai.jupyter-renderers@1.0.11
2022-11-15 18:32:40.199 [info] Successfully uninstalled extension: ms-toolsai.jupyter-renderers@1.0.11
2022-11-15 18:32:44.731 [info] Uninstalling extension: ms-toolsai.jupyter-keymap@1.0.0
2022-11-15 18:32:45.556 [info] Successfully uninstalled extension: ms-toolsai.jupyter-keymap@1.0.0
2022-11-15 18:32:46.635 [info] Uninstalling extension: ms-toolsai.jupyter@2022.10.110
2022-11-15 18:32:47.155 [info] Successfully uninstalled extension: ms-toolsai.jupyter@2022.10.110
2022-11-15 18:36:38.532 [info] Starting worker process with pid 48146 (type: fileWatcher, window: 3).
2022-11-15 18:42:29.755 [info] Worker process with pid 48146 terminated normally (type: fileWatcher, window: 3).
