2022-11-15 18:30:18.692 [info] Added views:workbench.panel.markers.view in workbench.panel.markers
2022-11-15 18:30:18.692 [info] Added views:workbench.panel.output in workbench.panel.output
2022-11-15 18:30:18.692 [info] Added views:terminal in terminal
2022-11-15 18:30:18.692 [info] Added views:workbench.scm in workbench.view.scm
2022-11-15 18:30:18.692 [info] Added views:workbench.view.search in workbench.view.search
2022-11-15 18:30:18.692 [info] Added views:workbench.explorer.fileView in workbench.view.explorer
2022-11-15 18:30:18.692 [info] Added views:workbench.explorer.openEditorsView in workbench.view.explorer
2022-11-15 18:30:18.692 [info] Added views:workbench.debug.welcome in workbench.view.debug
2022-11-15 18:30:20.294 [info] Added views:jupyterViewVariables in workbench.view.extension.jupyter-variables
2022-11-15 18:30:22.474 [info] Added views:workbench.panel.repl.view in workbench.panel.repl
2022-11-15 18:32:21.190 [info] Added views:workbench.views.extensions.installed,workbench.views.extensions.popular,extensions.recommendedList in workbench.view.extensions
2022-11-15 18:32:21.194 [info] Removed views:workbench.views.extensions.popular from workbench.view.extensions
2022-11-15 18:32:21.198 [info] Added views:workbench.views.extensions.enabled,workbench.views.extensions.disabled in workbench.view.extensions
2022-11-15 18:32:47.269 [info] Removed views:jupyterViewVariables from workbench.view.extension.jupyter-variables
2022-11-15 18:32:47.276 [info] Added views:jupyterViewVariables in workbench.view.explorer
2022-11-15 18:32:47.285 [info] Removed views:jupyterViewVariables from workbench.view.explorer
2022-11-15 18:35:50.950 [info] Added views:workbench.view.testing in workbench.view.extension.test
2022-11-15 18:37:14.125 [info] Added views:workbench.debug.breakPointsView in workbench.view.debug
2022-11-15 18:37:16.047 [info] Removed views:workbench.debug.breakPointsView from workbench.view.debug
2022-11-15 18:40:34.320 [info] Removed views:workbench.debug.welcome from workbench.view.debug
2022-11-15 18:40:34.328 [info] Added views:workbench.debug.variablesView,workbench.debug.watchExpressionsView,workbench.debug.callStackView,workbench.debug.breakPointsView in workbench.view.debug
2022-11-15 18:40:44.041 [info] Removed views:workbench.debug.breakPointsView,workbench.debug.callStackView,workbench.debug.watchExpressionsView,workbench.debug.variablesView from workbench.view.debug
2022-11-15 18:40:44.076 [info] Added views:workbench.debug.welcome in workbench.view.debug
2022-11-15 18:41:02.154 [info] Removed views:workbench.debug.welcome from workbench.view.debug
2022-11-15 18:41:02.167 [info] Added views:workbench.debug.variablesView,workbench.debug.watchExpressionsView,workbench.debug.callStackView,workbench.debug.breakPointsView in workbench.view.debug
2022-11-15 18:43:50.916 [info] Removed views:workbench.debug.breakPointsView,workbench.debug.callStackView,workbench.debug.watchExpressionsView,workbench.debug.variablesView from workbench.view.debug
2022-11-15 18:43:50.924 [info] Added views:workbench.debug.welcome in workbench.view.debug
