2022-11-15 18:30:23.966 [info] Проверка найденного git в:git
2022-11-15 18:30:23.966 [info] Используется git 2.38.1 из git
2022-11-15 18:30:23.966 [info] > git rev-parse --show-toplevel [9ms]
2022-11-15 18:30:23.966 [info] fatal: not a git repository (or any parent up to mount point /)
Stopping at filesystem boundary (GIT_DISCOVERY_ACROSS_FILESYSTEM not set).
2022-11-15 18:30:23.966 [info] > git rev-parse --show-toplevel [4ms]
2022-11-15 18:30:23.966 [info] fatal: not a git repository (or any parent up to mount point /)
Stopping at filesystem boundary (GIT_DISCOVERY_ACROSS_FILESYSTEM not set).
2022-11-15 18:30:23.966 [info] > git rev-parse --show-toplevel [49ms]
2022-11-15 18:30:23.966 [info] fatal: not a git repository (or any parent up to mount point /)
Stopping at filesystem boundary (GIT_DISCOVERY_ACROSS_FILESYSTEM not set).
2022-11-15 18:32:47.378 [info] > git rev-parse --show-toplevel [6ms]
2022-11-15 18:32:47.378 [info] fatal: not a git repository (or any parent up to mount point /)
Stopping at filesystem boundary (GIT_DISCOVERY_ACROSS_FILESYSTEM not set).
2022-11-15 18:35:34.523 [info] > git rev-parse --show-toplevel [2ms]
2022-11-15 18:35:34.523 [info] fatal: not a git repository (or any parent up to mount point /)
Stopping at filesystem boundary (GIT_DISCOVERY_ACROSS_FILESYSTEM not set).
2022-11-15 18:35:50.044 [info] > git rev-parse --show-toplevel [2ms]
2022-11-15 18:35:50.044 [info] fatal: not a git repository (or any parent up to mount point /)
Stopping at filesystem boundary (GIT_DISCOVERY_ACROSS_FILESYSTEM not set).
2022-11-15 18:40:09.334 [info] > git rev-parse --show-toplevel [11ms]
2022-11-15 18:40:09.334 [info] fatal: not a git repository (or any parent up to mount point /)
Stopping at filesystem boundary (GIT_DISCOVERY_ACROSS_FILESYSTEM not set).
2022-11-15 18:42:17.844 [info] > git rev-parse --show-toplevel [8ms]
2022-11-15 18:42:17.844 [info] fatal: not a git repository (or any parent up to mount point /)
Stopping at filesystem boundary (GIT_DISCOVERY_ACROSS_FILESYSTEM not set).
2022-11-15 18:42:22.529 [info] > git rev-parse --show-toplevel [7ms]
2022-11-15 18:42:22.529 [info] fatal: not a git repository (or any parent up to mount point /)
Stopping at filesystem boundary (GIT_DISCOVERY_ACROSS_FILESYSTEM not set).
2022-11-15 18:42:23.845 [info] > git rev-parse --show-toplevel [1ms]
2022-11-15 18:42:23.845 [info] fatal: not a git repository (or any parent up to mount point /)
Stopping at filesystem boundary (GIT_DISCOVERY_ACROSS_FILESYSTEM not set).
2022-11-15 18:42:26.065 [info] > git rev-parse --show-toplevel [6ms]
2022-11-15 18:42:26.065 [info] fatal: not a git repository (or any parent up to mount point /)
Stopping at filesystem boundary (GIT_DISCOVERY_ACROSS_FILESYSTEM not set).
2022-11-15 18:42:27.712 [info] > git rev-parse --show-toplevel [2ms]
2022-11-15 18:42:27.712 [info] fatal: not a git repository (or any parent up to mount point /)
Stopping at filesystem boundary (GIT_DISCOVERY_ACROSS_FILESYSTEM not set).
